  png.c
F:\work\git\rxskin-DirectUI\lib3rd\cximage\src\png\pngpriv.h(72,12): fatal error C1083: 无法打开包括文件: “pnglibconf.h”: No such file or directory
  pngerror.c
F:\work\git\rxskin-DirectUI\lib3rd\cximage\src\png\pngpriv.h(72,12): fatal error C1083: 无法打开包括文件: “pnglibconf.h”: No such file or directory
  pngget.c
F:\work\git\rxskin-DirectUI\lib3rd\cximage\src\png\pngpriv.h(72,12): fatal error C1083: 无法打开包括文件: “pnglibconf.h”: No such file or directory
  pngmem.c
F:\work\git\rxskin-DirectUI\lib3rd\cximage\src\png\pngpriv.h(72,12): fatal error C1083: 无法打开包括文件: “pnglibconf.h”: No such file or directory
  pngpread.c
F:\work\git\rxskin-DirectUI\lib3rd\cximage\src\png\pngpriv.h(72,12): fatal error C1083: 无法打开包括文件: “pnglibconf.h”: No such file or directory
  pngread.c
F:\work\git\rxskin-DirectUI\lib3rd\cximage\src\png\pngpriv.h(72,12): fatal error C1083: 无法打开包括文件: “pnglibconf.h”: No such file or directory
  pngrio.c
F:\work\git\rxskin-DirectUI\lib3rd\cximage\src\png\pngpriv.h(72,12): fatal error C1083: 无法打开包括文件: “pnglibconf.h”: No such file or directory
  pngrtran.c
F:\work\git\rxskin-DirectUI\lib3rd\cximage\src\png\pngpriv.h(72,12): fatal error C1083: 无法打开包括文件: “pnglibconf.h”: No such file or directory
  pngrutil.c
F:\work\git\rxskin-DirectUI\lib3rd\cximage\src\png\pngpriv.h(72,12): fatal error C1083: 无法打开包括文件: “pnglibconf.h”: No such file or directory
  pngset.c
F:\work\git\rxskin-DirectUI\lib3rd\cximage\src\png\pngpriv.h(72,12): fatal error C1083: 无法打开包括文件: “pnglibconf.h”: No such file or directory
  pngtrans.c
F:\work\git\rxskin-DirectUI\lib3rd\cximage\src\png\pngpriv.h(72,12): fatal error C1083: 无法打开包括文件: “pnglibconf.h”: No such file or directory
  pngwio.c
F:\work\git\rxskin-DirectUI\lib3rd\cximage\src\png\pngpriv.h(72,12): fatal error C1083: 无法打开包括文件: “pnglibconf.h”: No such file or directory
  pngwrite.c
F:\work\git\rxskin-DirectUI\lib3rd\cximage\src\png\pngpriv.h(72,12): fatal error C1083: 无法打开包括文件: “pnglibconf.h”: No such file or directory
  pngwtran.c
F:\work\git\rxskin-DirectUI\lib3rd\cximage\src\png\pngpriv.h(72,12): fatal error C1083: 无法打开包括文件: “pnglibconf.h”: No such file or directory
  pngwutil.c
F:\work\git\rxskin-DirectUI\lib3rd\cximage\src\png\pngpriv.h(72,12): fatal error C1083: 无法打开包括文件: “pnglibconf.h”: No such file or directory
  正在生成代码...
