f:\work\git\rxskin\lib3rd\cximage\src\obj\png\debug\png.pdb
f:\work\git\rxskin\lib3rd\cximage\src\obj\png\debug\png.idb
f:\work\git\rxskin\lib3rd\cximage\src\obj\png\debug\pngwutil.obj
f:\work\git\rxskin\lib3rd\cximage\src\obj\png\debug\pngwtran.obj
f:\work\git\rxskin\lib3rd\cximage\src\obj\png\debug\pngwrite.obj
f:\work\git\rxskin\lib3rd\cximage\src\obj\png\debug\pngwio.obj
f:\work\git\rxskin\lib3rd\cximage\src\obj\png\debug\pngtrans.obj
f:\work\git\rxskin\lib3rd\cximage\src\obj\png\debug\pngset.obj
f:\work\git\rxskin\lib3rd\cximage\src\obj\png\debug\pngrutil.obj
f:\work\git\rxskin\lib3rd\cximage\src\obj\png\debug\pngrtran.obj
f:\work\git\rxskin\lib3rd\cximage\src\obj\png\debug\pngrio.obj
f:\work\git\rxskin\lib3rd\cximage\src\obj\png\debug\pngread.obj
f:\work\git\rxskin\lib3rd\cximage\src\obj\png\debug\pngpread.obj
f:\work\git\rxskin\lib3rd\cximage\src\obj\png\debug\pngmem.obj
f:\work\git\rxskin\lib3rd\cximage\src\obj\png\debug\pngget.obj
f:\work\git\rxskin\lib3rd\cximage\src\obj\png\debug\pngerror.obj
f:\work\git\rxskin\lib3rd\cximage\src\obj\png\debug\png.obj
f:\work\git\rxskin\lib3rd\cximage\lib\win32\debug\png.lib
f:\work\git\rxskin\lib3rd\cximage\src\obj\png\debug\png.tlog\cl.command.1.tlog
f:\work\git\rxskin\lib3rd\cximage\src\obj\png\debug\png.tlog\cl.read.1.tlog
f:\work\git\rxskin\lib3rd\cximage\src\obj\png\debug\png.tlog\cl.write.1.tlog
f:\work\git\rxskin\lib3rd\cximage\src\obj\png\debug\png.tlog\lib-link.read.1.tlog
f:\work\git\rxskin\lib3rd\cximage\src\obj\png\debug\png.tlog\lib-link.write.1.tlog
f:\work\git\rxskin\lib3rd\cximage\src\obj\png\debug\png.tlog\lib.command.1.tlog
