  jaricom.c
  Jcapimin.c
  Jcapistd.c
  jcarith.c
  Jccoefct.c
  Jccolor.c
  Jcdctmgr.c
  Jchuff.c
  Jcinit.c
  Jcmainct.c
  Jcmarker.c
  Jcmaster.c
  Jcomapi.c
  Jcparam.c
  Jcprepct.c
  Jcsample.c
  Jctrans.c
  Jdapimin.c
  Jdapistd.c
  jdarith.c
  正在生成代码...
  正在编译...
  Jdatadst.c
  Jdatasrc.c
  Jdcoefct.c
  Jdcolor.c
  Jddctmgr.c
  Jdhuff.c
  Jdinput.c
  Jdmainct.c
  Jdmarker.c
  Jdmaster.c
  Jdmerge.c
  Jdpostct.c
  Jdsample.c
  Jdtrans.c
  Jerror.c
  Jfdctflt.c
  Jfdctfst.c
  Jfdctint.c
  Jidctflt.c
  Jidctfst.c
  正在生成代码...
  正在编译...
  Jidctint.c
  Jmemmgr.c
  Jmemnobs.c
  Jquant1.c
  Jquant2.c
  Jutils.c
  正在生成代码...
E:\Program Files (x86)\Microsoft Visual Studio\2019\Enterprise\MSBuild\Microsoft\VC\v160\Microsoft.CppBuild.targets(1545,5): warning MSB8012: TargetPath(F:\work\git\rxskin\lib3rd\cximage\src\obj\jpeg\Debug\jpeg.lib) 与 Library 的 OutputFile 属性值(F:\work\git\rxskin\lib3rd\cximage\lib\Win32\Debug\jpeg.lib)不匹配。这可能导致项目生成不正确。若要更正此问题，请确保 $(OutDir)、$(TargetName) 和 $(TargetExt) 属性值与 %(Lib.OutputFile) 中指定的值匹配。
  Jpeg.vcxproj -> F:\work\git\rxskin\lib3rd\cximage\src\obj\jpeg\Debug\jpeg.lib
