f:\work\git\rxskin\lib3rd\cximage\src\obj\jpeg\debug\jpeg.pdb
f:\work\git\rxskin\lib3rd\cximage\src\obj\jpeg\debug\jpeg.idb
f:\work\git\rxskin\lib3rd\cximage\src\obj\jpeg\debug\jdarith.obj
f:\work\git\rxskin\lib3rd\cximage\src\obj\jpeg\debug\jdapistd.obj
f:\work\git\rxskin\lib3rd\cximage\src\obj\jpeg\debug\jdapimin.obj
f:\work\git\rxskin\lib3rd\cximage\src\obj\jpeg\debug\jctrans.obj
f:\work\git\rxskin\lib3rd\cximage\src\obj\jpeg\debug\jcsample.obj
f:\work\git\rxskin\lib3rd\cximage\src\obj\jpeg\debug\jcprepct.obj
f:\work\git\rxskin\lib3rd\cximage\src\obj\jpeg\debug\jcparam.obj
f:\work\git\rxskin\lib3rd\cximage\src\obj\jpeg\debug\jcomapi.obj
f:\work\git\rxskin\lib3rd\cximage\src\obj\jpeg\debug\jcmaster.obj
f:\work\git\rxskin\lib3rd\cximage\src\obj\jpeg\debug\jcmarker.obj
f:\work\git\rxskin\lib3rd\cximage\src\obj\jpeg\debug\jcmainct.obj
f:\work\git\rxskin\lib3rd\cximage\src\obj\jpeg\debug\jcinit.obj
f:\work\git\rxskin\lib3rd\cximage\src\obj\jpeg\debug\jchuff.obj
f:\work\git\rxskin\lib3rd\cximage\src\obj\jpeg\debug\jcdctmgr.obj
f:\work\git\rxskin\lib3rd\cximage\src\obj\jpeg\debug\jccolor.obj
f:\work\git\rxskin\lib3rd\cximage\src\obj\jpeg\debug\jccoefct.obj
f:\work\git\rxskin\lib3rd\cximage\src\obj\jpeg\debug\jcarith.obj
f:\work\git\rxskin\lib3rd\cximage\src\obj\jpeg\debug\jcapistd.obj
f:\work\git\rxskin\lib3rd\cximage\src\obj\jpeg\debug\jcapimin.obj
f:\work\git\rxskin\lib3rd\cximage\src\obj\jpeg\debug\jaricom.obj
f:\work\git\rxskin\lib3rd\cximage\src\obj\jpeg\debug\jidctfst.obj
f:\work\git\rxskin\lib3rd\cximage\src\obj\jpeg\debug\jidctflt.obj
f:\work\git\rxskin\lib3rd\cximage\src\obj\jpeg\debug\jfdctint.obj
f:\work\git\rxskin\lib3rd\cximage\src\obj\jpeg\debug\jfdctfst.obj
f:\work\git\rxskin\lib3rd\cximage\src\obj\jpeg\debug\jfdctflt.obj
f:\work\git\rxskin\lib3rd\cximage\src\obj\jpeg\debug\jerror.obj
f:\work\git\rxskin\lib3rd\cximage\src\obj\jpeg\debug\jdtrans.obj
f:\work\git\rxskin\lib3rd\cximage\src\obj\jpeg\debug\jdsample.obj
f:\work\git\rxskin\lib3rd\cximage\src\obj\jpeg\debug\jdpostct.obj
f:\work\git\rxskin\lib3rd\cximage\src\obj\jpeg\debug\jdmerge.obj
f:\work\git\rxskin\lib3rd\cximage\src\obj\jpeg\debug\jdmaster.obj
f:\work\git\rxskin\lib3rd\cximage\src\obj\jpeg\debug\jdmarker.obj
f:\work\git\rxskin\lib3rd\cximage\src\obj\jpeg\debug\jdmainct.obj
f:\work\git\rxskin\lib3rd\cximage\src\obj\jpeg\debug\jdinput.obj
f:\work\git\rxskin\lib3rd\cximage\src\obj\jpeg\debug\jdhuff.obj
f:\work\git\rxskin\lib3rd\cximage\src\obj\jpeg\debug\jddctmgr.obj
f:\work\git\rxskin\lib3rd\cximage\src\obj\jpeg\debug\jdcolor.obj
f:\work\git\rxskin\lib3rd\cximage\src\obj\jpeg\debug\jdcoefct.obj
f:\work\git\rxskin\lib3rd\cximage\src\obj\jpeg\debug\jdatasrc.obj
f:\work\git\rxskin\lib3rd\cximage\src\obj\jpeg\debug\jdatadst.obj
f:\work\git\rxskin\lib3rd\cximage\src\obj\jpeg\debug\jutils.obj
f:\work\git\rxskin\lib3rd\cximage\src\obj\jpeg\debug\jquant2.obj
f:\work\git\rxskin\lib3rd\cximage\src\obj\jpeg\debug\jquant1.obj
f:\work\git\rxskin\lib3rd\cximage\src\obj\jpeg\debug\jmemnobs.obj
f:\work\git\rxskin\lib3rd\cximage\src\obj\jpeg\debug\jmemmgr.obj
f:\work\git\rxskin\lib3rd\cximage\src\obj\jpeg\debug\jidctint.obj
f:\work\git\rxskin\lib3rd\cximage\lib\win32\debug\jpeg.lib
f:\work\git\rxskin\lib3rd\cximage\src\obj\jpeg\debug\jpeg.tlog\cl.command.1.tlog
f:\work\git\rxskin\lib3rd\cximage\src\obj\jpeg\debug\jpeg.tlog\cl.read.1.tlog
f:\work\git\rxskin\lib3rd\cximage\src\obj\jpeg\debug\jpeg.tlog\cl.write.1.tlog
f:\work\git\rxskin\lib3rd\cximage\src\obj\jpeg\debug\jpeg.tlog\lib-link.read.1.tlog
f:\work\git\rxskin\lib3rd\cximage\src\obj\jpeg\debug\jpeg.tlog\lib-link.write.1.tlog
f:\work\git\rxskin\lib3rd\cximage\src\obj\jpeg\debug\jpeg.tlog\lib.command.1.tlog
