f:\work\git\rxskin\lib3rd\cximage\src\obj\mng\debug\mng.pdb
f:\work\git\rxskin\lib3rd\cximage\src\obj\mng\debug\mng.idb
f:\work\git\rxskin\lib3rd\cximage\src\obj\mng\debug\libmng_callback_xs.obj
f:\work\git\rxskin\lib3rd\cximage\src\obj\mng\debug\libmng_chunk_descr.obj
f:\work\git\rxskin\lib3rd\cximage\src\obj\mng\debug\libmng_chunk_io.obj
f:\work\git\rxskin\lib3rd\cximage\src\obj\mng\debug\libmng_chunk_prc.obj
f:\work\git\rxskin\lib3rd\cximage\src\obj\mng\debug\libmng_chunk_xs.obj
f:\work\git\rxskin\lib3rd\cximage\src\obj\mng\debug\libmng_cms.obj
f:\work\git\rxskin\lib3rd\cximage\src\obj\mng\debug\libmng_display.obj
f:\work\git\rxskin\lib3rd\cximage\src\obj\mng\debug\libmng_dither.obj
f:\work\git\rxskin\lib3rd\cximage\src\obj\mng\debug\libmng_error.obj
f:\work\git\rxskin\lib3rd\cximage\src\obj\mng\debug\libmng_filter.obj
f:\work\git\rxskin\lib3rd\cximage\src\obj\mng\debug\libmng_hlapi.obj
f:\work\git\rxskin\lib3rd\cximage\src\obj\mng\debug\libmng_jpeg.obj
f:\work\git\rxskin\lib3rd\cximage\src\obj\mng\debug\libmng_object_prc.obj
f:\work\git\rxskin\lib3rd\cximage\src\obj\mng\debug\libmng_pixels.obj
f:\work\git\rxskin\lib3rd\cximage\src\obj\mng\debug\libmng_prop_xs.obj
f:\work\git\rxskin\lib3rd\cximage\src\obj\mng\debug\libmng_read.obj
f:\work\git\rxskin\lib3rd\cximage\src\obj\mng\debug\libmng_trace.obj
f:\work\git\rxskin\lib3rd\cximage\src\obj\mng\debug\libmng_write.obj
f:\work\git\rxskin\lib3rd\cximage\src\obj\mng\debug\libmng_zlib.obj
f:\work\git\rxskin\lib3rd\cximage\lib\win32\debug\mng.lib
f:\work\git\rxskin\lib3rd\cximage\src\obj\mng\debug\mng.tlog\cl.command.1.tlog
f:\work\git\rxskin\lib3rd\cximage\src\obj\mng\debug\mng.tlog\cl.read.1.tlog
f:\work\git\rxskin\lib3rd\cximage\src\obj\mng\debug\mng.tlog\cl.write.1.tlog
f:\work\git\rxskin\lib3rd\cximage\src\obj\mng\debug\mng.tlog\lib-link.read.1.tlog
f:\work\git\rxskin\lib3rd\cximage\src\obj\mng\debug\mng.tlog\lib-link.write.1.tlog
f:\work\git\rxskin\lib3rd\cximage\src\obj\mng\debug\mng.tlog\lib.command.1.tlog
