e:\work\rxplayer\lib3rd\cximage\src\libpsd\libpsd.pch
e:\work\rxplayer\lib3rd\cximage\obj\release\libpsd\libpsd.pdb
e:\work\rxplayer\lib3rd\cximage\src\libpsd\pch.obj
e:\work\rxplayer\lib3rd\cximage\src\libpsd\gradient_blend.obj
e:\work\rxplayer\lib3rd\cximage\src\libpsd\gaussian_blur.obj
e:\work\rxplayer\lib3rd\cximage\src\libpsd\fixed.obj
e:\work\rxplayer\lib3rd\cximage\src\libpsd\file_header.obj
e:\work\rxplayer\lib3rd\cximage\src\libpsd\effects.obj
e:\work\rxplayer\lib3rd\cximage\src\libpsd\drop_shadow.obj
e:\work\rxplayer\lib3rd\cximage\src\libpsd\descriptor.obj
e:\work\rxplayer\lib3rd\cximage\src\libpsd\curves.obj
e:\work\rxplayer\lib3rd\cximage\src\libpsd\color_overlay.obj
e:\work\rxplayer\lib3rd\cximage\src\libpsd\color_mode.obj
e:\work\rxplayer\lib3rd\cximage\src\libpsd\color_balance.obj
e:\work\rxplayer\lib3rd\cximage\src\libpsd\color.obj
e:\work\rxplayer\lib3rd\cximage\src\libpsd\channel_mixer.obj
e:\work\rxplayer\lib3rd\cximage\src\libpsd\channel_image.obj
e:\work\rxplayer\lib3rd\cximage\src\libpsd\brightness_contrast.obj
e:\work\rxplayer\lib3rd\cximage\src\libpsd\boundary.obj
e:\work\rxplayer\lib3rd\cximage\src\libpsd\blend.obj
e:\work\rxplayer\lib3rd\cximage\src\libpsd\bitmap.obj
e:\work\rxplayer\lib3rd\cximage\src\libpsd\bevel_emboss.obj
e:\work\rxplayer\lib3rd\cximage\src\libpsd\adjustment.obj
e:\work\rxplayer\lib3rd\cximage\src\libpsd\psd_system.obj
e:\work\rxplayer\lib3rd\cximage\src\libpsd\psd.obj
e:\work\rxplayer\lib3rd\cximage\src\libpsd\posterize.obj
e:\work\rxplayer\lib3rd\cximage\src\libpsd\photo_filter.obj
e:\work\rxplayer\lib3rd\cximage\src\libpsd\pattern_overlay.obj
e:\work\rxplayer\lib3rd\cximage\src\libpsd\pattern_fill.obj
e:\work\rxplayer\lib3rd\cximage\src\libpsd\pattern.obj
e:\work\rxplayer\lib3rd\cximage\src\libpsd\path.obj
e:\work\rxplayer\lib3rd\cximage\src\libpsd\outer_glow.obj
e:\work\rxplayer\lib3rd\cximage\src\libpsd\levels.obj
e:\work\rxplayer\lib3rd\cximage\src\libpsd\layer_mask.obj
e:\work\rxplayer\lib3rd\cximage\src\libpsd\invert.obj
e:\work\rxplayer\lib3rd\cximage\src\libpsd\inner_shadow.obj
e:\work\rxplayer\lib3rd\cximage\src\libpsd\inner_glow.obj
e:\work\rxplayer\lib3rd\cximage\src\libpsd\image_resource.obj
e:\work\rxplayer\lib3rd\cximage\src\libpsd\image_data.obj
e:\work\rxplayer\lib3rd\cximage\src\libpsd\hue_saturation.obj
e:\work\rxplayer\lib3rd\cximage\src\libpsd\gradient_overlay.obj
e:\work\rxplayer\lib3rd\cximage\src\libpsd\gradient_map.obj
e:\work\rxplayer\lib3rd\cximage\src\libpsd\gradient_fill.obj
e:\work\rxplayer\lib3rd\cximage\src\libpsd\type_tool.obj
e:\work\rxplayer\lib3rd\cximage\src\libpsd\thumbnail.obj
e:\work\rxplayer\lib3rd\cximage\src\libpsd\threshold.obj
e:\work\rxplayer\lib3rd\cximage\src\libpsd\test.obj
e:\work\rxplayer\lib3rd\cximage\src\libpsd\stroke.obj
e:\work\rxplayer\lib3rd\cximage\src\libpsd\stream.obj
e:\work\rxplayer\lib3rd\cximage\src\libpsd\solid_color.obj
e:\work\rxplayer\lib3rd\cximage\src\libpsd\selective_color.obj
e:\work\rxplayer\lib3rd\cximage\src\libpsd\satin.obj
e:\work\rxplayer\lib3rd\cximage\src\libpsd\rect.obj
e:\work\rxplayer\lib3rd\cximage\src\libpsd\psd_zip.obj
e:\work\rxplayer\lib3rd\cximage\src\libpsd\libpsd.obj
e:\work\rxplayer\lib3rd\cximage\lib\release\libpsd.lib
e:\work\rxplayer\lib3rd\cximage\src\libpsd\libpsd.tlog\cl.command.1.tlog
e:\work\rxplayer\lib3rd\cximage\src\libpsd\libpsd.tlog\cl.read.1.tlog
e:\work\rxplayer\lib3rd\cximage\src\libpsd\libpsd.tlog\cl.write.1.tlog
e:\work\rxplayer\lib3rd\cximage\src\libpsd\libpsd.tlog\lib-link.read.1.tlog
e:\work\rxplayer\lib3rd\cximage\src\libpsd\libpsd.tlog\lib-link.write.1.tlog
e:\work\rxplayer\lib3rd\cximage\src\libpsd\libpsd.tlog\lib.command.1.tlog
e:\work\rxplayer\lib3rd\cximage\src\libpsd\libpsd.tlog\..\..\obj\unicode_release\libpsd\libpsd.pdb
