cl : 命令行 warning D9035: “Gm”选项已否决，并将在将来的版本中移除
  ras_enc.c
  ras_dec.c
  ras_cod.c
  pnm_enc.c
  pnm_dec.c
  pnm_cod.c
  pgx_enc.c
  pgx_dec.c
  pgx_cod.c
  mif_cod.c
  jpg_val.c
  jpg_dummy.c
  jpc_util.c
  jpc_tsfb.c
  jpc_tagtree.c
  jpc_t2enc.c
  jpc_t2dec.c
  jpc_t2cod.c
  jpc_t1enc.c
  jpc_t1dec.c
  正在生成代码...
  正在编译...
  jpc_t1cod.c
  jpc_qmfb.c
  jpc_mqenc.c
  jpc_mqdec.c
  jpc_mqcod.c
  jpc_mct.c
  jpc_math.c
  jpc_enc.c
  jpc_dec.c
  jpc_cs.c
  jpc_bs.c
  jp2_enc.c
  jp2_dec.c
  jp2_cod.c
  bmp_enc.c
  bmp_dec.c
  bmp_cod.c
  jas_version.c
  jas_tvp.c
  jas_string.c
  正在生成代码...
  正在编译...
  jas_stream.c
  jas_seq.c
  jas_malloc.c
  jas_init.c
  jas_image.c
  jas_iccdata.c
  jas_icc.c
  jas_getopt.c
  jas_debug.c
  jas_cm.c
  正在生成代码...
E:\Program Files (x86)\Microsoft Visual Studio\2019\Enterprise\MSBuild\Microsoft\VC\v160\Microsoft.CppBuild.targets(1545,5): warning MSB8012: TargetPath(F:\work\git\rxskin\lib3rd\cximage\src\Debug\jasper.lib) 与 Library 的 OutputFile 属性值(F:\work\git\rxskin\lib3rd\cximage\lib\Debug\jasper.lib)不匹配。这可能导致项目生成不正确。若要更正此问题，请确保 $(OutDir)、$(TargetName) 和 $(TargetExt) 属性值与 %(Lib.OutputFile) 中指定的值匹配。
  jasper.vcxproj -> F:\work\git\rxskin\lib3rd\cximage\src\Debug\jasper.lib
