f:\work\git\rxskin\lib3rd\cximage\src\debug\jasper.pdb
f:\work\git\rxskin\lib3rd\cximage\src\debug\jasper.idb
f:\work\git\rxskin\lib3rd\cximage\src\debug\jpc_t1dec.obj
f:\work\git\rxskin\lib3rd\cximage\src\debug\jpc_t1enc.obj
f:\work\git\rxskin\lib3rd\cximage\src\debug\jpc_t2cod.obj
f:\work\git\rxskin\lib3rd\cximage\src\debug\jpc_t2dec.obj
f:\work\git\rxskin\lib3rd\cximage\src\debug\jpc_t2enc.obj
f:\work\git\rxskin\lib3rd\cximage\src\debug\jpc_tagtree.obj
f:\work\git\rxskin\lib3rd\cximage\src\debug\jpc_tsfb.obj
f:\work\git\rxskin\lib3rd\cximage\src\debug\jpc_util.obj
f:\work\git\rxskin\lib3rd\cximage\src\debug\jpg_dummy.obj
f:\work\git\rxskin\lib3rd\cximage\src\debug\jpg_val.obj
f:\work\git\rxskin\lib3rd\cximage\src\debug\mif_cod.obj
f:\work\git\rxskin\lib3rd\cximage\src\debug\pgx_cod.obj
f:\work\git\rxskin\lib3rd\cximage\src\debug\pgx_dec.obj
f:\work\git\rxskin\lib3rd\cximage\src\debug\pgx_enc.obj
f:\work\git\rxskin\lib3rd\cximage\src\debug\pnm_cod.obj
f:\work\git\rxskin\lib3rd\cximage\src\debug\pnm_dec.obj
f:\work\git\rxskin\lib3rd\cximage\src\debug\pnm_enc.obj
f:\work\git\rxskin\lib3rd\cximage\src\debug\ras_cod.obj
f:\work\git\rxskin\lib3rd\cximage\src\debug\ras_dec.obj
f:\work\git\rxskin\lib3rd\cximage\src\debug\ras_enc.obj
f:\work\git\rxskin\lib3rd\cximage\src\debug\jas_string.obj
f:\work\git\rxskin\lib3rd\cximage\src\debug\jas_tvp.obj
f:\work\git\rxskin\lib3rd\cximage\src\debug\jas_version.obj
f:\work\git\rxskin\lib3rd\cximage\src\debug\bmp_cod.obj
f:\work\git\rxskin\lib3rd\cximage\src\debug\bmp_dec.obj
f:\work\git\rxskin\lib3rd\cximage\src\debug\bmp_enc.obj
f:\work\git\rxskin\lib3rd\cximage\src\debug\jp2_cod.obj
f:\work\git\rxskin\lib3rd\cximage\src\debug\jp2_dec.obj
f:\work\git\rxskin\lib3rd\cximage\src\debug\jp2_enc.obj
f:\work\git\rxskin\lib3rd\cximage\src\debug\jpc_bs.obj
f:\work\git\rxskin\lib3rd\cximage\src\debug\jpc_cs.obj
f:\work\git\rxskin\lib3rd\cximage\src\debug\jpc_dec.obj
f:\work\git\rxskin\lib3rd\cximage\src\debug\jpc_enc.obj
f:\work\git\rxskin\lib3rd\cximage\src\debug\jpc_math.obj
f:\work\git\rxskin\lib3rd\cximage\src\debug\jpc_mct.obj
f:\work\git\rxskin\lib3rd\cximage\src\debug\jpc_mqcod.obj
f:\work\git\rxskin\lib3rd\cximage\src\debug\jpc_mqdec.obj
f:\work\git\rxskin\lib3rd\cximage\src\debug\jpc_mqenc.obj
f:\work\git\rxskin\lib3rd\cximage\src\debug\jpc_qmfb.obj
f:\work\git\rxskin\lib3rd\cximage\src\debug\jpc_t1cod.obj
f:\work\git\rxskin\lib3rd\cximage\src\debug\jas_cm.obj
f:\work\git\rxskin\lib3rd\cximage\src\debug\jas_debug.obj
f:\work\git\rxskin\lib3rd\cximage\src\debug\jas_getopt.obj
f:\work\git\rxskin\lib3rd\cximage\src\debug\jas_icc.obj
f:\work\git\rxskin\lib3rd\cximage\src\debug\jas_iccdata.obj
f:\work\git\rxskin\lib3rd\cximage\src\debug\jas_image.obj
f:\work\git\rxskin\lib3rd\cximage\src\debug\jas_init.obj
f:\work\git\rxskin\lib3rd\cximage\src\debug\jas_malloc.obj
f:\work\git\rxskin\lib3rd\cximage\src\debug\jas_seq.obj
f:\work\git\rxskin\lib3rd\cximage\src\debug\jas_stream.obj
f:\work\git\rxskin\lib3rd\cximage\lib\debug\jasper.lib
f:\work\git\rxskin\lib3rd\cximage\src\jasper\debug\jasper.tlog\cl.command.1.tlog
f:\work\git\rxskin\lib3rd\cximage\src\jasper\debug\jasper.tlog\cl.read.1.tlog
f:\work\git\rxskin\lib3rd\cximage\src\jasper\debug\jasper.tlog\cl.write.1.tlog
f:\work\git\rxskin\lib3rd\cximage\src\jasper\debug\jasper.tlog\lib-link.read.1.tlog
f:\work\git\rxskin\lib3rd\cximage\src\jasper\debug\jasper.tlog\lib-link.write.1.tlog
f:\work\git\rxskin\lib3rd\cximage\src\jasper\debug\jasper.tlog\lib.command.1.tlog
