f:\work\git\rxskin\lib3rd\cximage\src\obj\zlib\debug\zlib.pdb
f:\work\git\rxskin\lib3rd\cximage\src\obj\zlib\debug\zlib.idb
f:\work\git\rxskin\lib3rd\cximage\src\obj\zlib\debug\zutil.obj
f:\work\git\rxskin\lib3rd\cximage\src\obj\zlib\debug\uncompr.obj
f:\work\git\rxskin\lib3rd\cximage\src\obj\zlib\debug\trees.obj
f:\work\git\rxskin\lib3rd\cximage\src\obj\zlib\debug\inftrees.obj
f:\work\git\rxskin\lib3rd\cximage\src\obj\zlib\debug\inflate.obj
f:\work\git\rxskin\lib3rd\cximage\src\obj\zlib\debug\inffast.obj
f:\work\git\rxskin\lib3rd\cximage\src\obj\zlib\debug\infback.obj
f:\work\git\rxskin\lib3rd\cximage\src\obj\zlib\debug\deflate.obj
f:\work\git\rxskin\lib3rd\cximage\src\obj\zlib\debug\crc32.obj
f:\work\git\rxskin\lib3rd\cximage\src\obj\zlib\debug\compress.obj
f:\work\git\rxskin\lib3rd\cximage\src\obj\zlib\debug\adler32.obj
f:\work\git\rxskin\lib3rd\cximage\lib\win32\debug\zlib.lib
f:\work\git\rxskin\lib3rd\cximage\src\obj\zlib\debug\zlib.tlog\cl.command.1.tlog
f:\work\git\rxskin\lib3rd\cximage\src\obj\zlib\debug\zlib.tlog\cl.read.1.tlog
f:\work\git\rxskin\lib3rd\cximage\src\obj\zlib\debug\zlib.tlog\cl.write.1.tlog
f:\work\git\rxskin\lib3rd\cximage\src\obj\zlib\debug\zlib.tlog\lib-link.read.1.tlog
f:\work\git\rxskin\lib3rd\cximage\src\obj\zlib\debug\zlib.tlog\lib-link.write.1.tlog
f:\work\git\rxskin\lib3rd\cximage\src\obj\zlib\debug\zlib.tlog\lib.command.1.tlog
