  libmng_callback_xs.c
  libmng_chunk_descr.c
  libmng_chunk_io.c
  libmng_chunk_prc.c
  libmng_chunk_xs.c
  libmng_cms.c
  libmng_display.c
  libmng_dither.c
  libmng_error.c
  libmng_filter.c
  libmng_hlapi.c
  libmng_jpeg.c
  libmng_object_prc.c
  libmng_pixels.c
  libmng_prop_xs.c
  libmng_read.c
  libmng_trace.c
  libmng_write.c
  libmng_zlib.c
  正在生成代码...
E:\Program Files (x86)\Microsoft Visual Studio\2019\Enterprise\MSBuild\Microsoft\VC\v160\Microsoft.CppBuild.targets(1545,5): warning MSB8012: TargetPath(F:\work\git\rxskin-DirectUI\lib3rd\cximage\src\obj\mng\Unicode_Release\mng.lib) 与 Library 的 OutputFile 属性值(F:\work\git\rxskin-DirectUI\lib3rd\cximage\lib\Win32\Unicode_Release\mng.lib)不匹配。这可能导致项目生成不正确。若要更正此问题，请确保 $(OutDir)、$(TargetName) 和 $(TargetExt) 属性值与 %(Lib.OutputFile) 中指定的值匹配。
  mng.vcxproj -> F:\work\git\rxskin-DirectUI\lib3rd\cximage\src\obj\mng\Unicode_Release\mng.lib
