f:\work\git\rxskin-directui\lib3rd\cximage\src\obj\mng\unicode_release\mng.pdb
f:\work\git\rxskin-directui\lib3rd\cximage\src\obj\mng\unicode_release\libmng_zlib.obj
f:\work\git\rxskin-directui\lib3rd\cximage\src\obj\mng\unicode_release\libmng_write.obj
f:\work\git\rxskin-directui\lib3rd\cximage\src\obj\mng\unicode_release\libmng_trace.obj
f:\work\git\rxskin-directui\lib3rd\cximage\src\obj\mng\unicode_release\libmng_read.obj
f:\work\git\rxskin-directui\lib3rd\cximage\src\obj\mng\unicode_release\libmng_prop_xs.obj
f:\work\git\rxskin-directui\lib3rd\cximage\src\obj\mng\unicode_release\libmng_pixels.obj
f:\work\git\rxskin-directui\lib3rd\cximage\src\obj\mng\unicode_release\libmng_object_prc.obj
f:\work\git\rxskin-directui\lib3rd\cximage\src\obj\mng\unicode_release\libmng_jpeg.obj
f:\work\git\rxskin-directui\lib3rd\cximage\src\obj\mng\unicode_release\libmng_hlapi.obj
f:\work\git\rxskin-directui\lib3rd\cximage\src\obj\mng\unicode_release\libmng_filter.obj
f:\work\git\rxskin-directui\lib3rd\cximage\src\obj\mng\unicode_release\libmng_error.obj
f:\work\git\rxskin-directui\lib3rd\cximage\src\obj\mng\unicode_release\libmng_dither.obj
f:\work\git\rxskin-directui\lib3rd\cximage\src\obj\mng\unicode_release\libmng_display.obj
f:\work\git\rxskin-directui\lib3rd\cximage\src\obj\mng\unicode_release\libmng_cms.obj
f:\work\git\rxskin-directui\lib3rd\cximage\src\obj\mng\unicode_release\libmng_chunk_xs.obj
f:\work\git\rxskin-directui\lib3rd\cximage\src\obj\mng\unicode_release\libmng_chunk_prc.obj
f:\work\git\rxskin-directui\lib3rd\cximage\src\obj\mng\unicode_release\libmng_chunk_io.obj
f:\work\git\rxskin-directui\lib3rd\cximage\src\obj\mng\unicode_release\libmng_chunk_descr.obj
f:\work\git\rxskin-directui\lib3rd\cximage\src\obj\mng\unicode_release\libmng_callback_xs.obj
f:\work\git\rxskin-directui\lib3rd\cximage\lib\win32\unicode_release\mng.lib
f:\work\git\rxskin-directui\lib3rd\cximage\src\obj\mng\unicode_release\mng.tlog\cl.command.1.tlog
f:\work\git\rxskin-directui\lib3rd\cximage\src\obj\mng\unicode_release\mng.tlog\cl.read.1.tlog
f:\work\git\rxskin-directui\lib3rd\cximage\src\obj\mng\unicode_release\mng.tlog\cl.write.1.tlog
f:\work\git\rxskin-directui\lib3rd\cximage\src\obj\mng\unicode_release\mng.tlog\lib-link.read.1.tlog
f:\work\git\rxskin-directui\lib3rd\cximage\src\obj\mng\unicode_release\mng.tlog\lib-link.write.1.tlog
f:\work\git\rxskin-directui\lib3rd\cximage\src\obj\mng\unicode_release\mng.tlog\lib.command.1.tlog
