f:\work\git\rxskin\lib3rd\cximage\src\obj\tiff\debug\tiff.pdb
f:\work\git\rxskin\lib3rd\cximage\src\obj\tiff\debug\tiff.idb
f:\work\git\rxskin\lib3rd\cximage\src\obj\tiff\debug\tif_getimage.obj
f:\work\git\rxskin\lib3rd\cximage\src\obj\tiff\debug\tif_jpeg.obj
f:\work\git\rxskin\lib3rd\cximage\src\obj\tiff\debug\tif_luv.obj
f:\work\git\rxskin\lib3rd\cximage\src\obj\tiff\debug\tif_lzw.obj
f:\work\git\rxskin\lib3rd\cximage\src\obj\tiff\debug\tif_next.obj
f:\work\git\rxskin\lib3rd\cximage\src\obj\tiff\debug\tif_ojpeg.obj
f:\work\git\rxskin\lib3rd\cximage\src\obj\tiff\debug\tif_open.obj
f:\work\git\rxskin\lib3rd\cximage\src\obj\tiff\debug\tif_packbits.obj
f:\work\git\rxskin\lib3rd\cximage\src\obj\tiff\debug\tif_pixarlog.obj
f:\work\git\rxskin\lib3rd\cximage\src\obj\tiff\debug\tif_predict.obj
f:\work\git\rxskin\lib3rd\cximage\src\obj\tiff\debug\tif_print.obj
f:\work\git\rxskin\lib3rd\cximage\src\obj\tiff\debug\tif_read.obj
f:\work\git\rxskin\lib3rd\cximage\src\obj\tiff\debug\tif_strip.obj
f:\work\git\rxskin\lib3rd\cximage\src\obj\tiff\debug\tif_swab.obj
f:\work\git\rxskin\lib3rd\cximage\src\obj\tiff\debug\tif_thunder.obj
f:\work\git\rxskin\lib3rd\cximage\src\obj\tiff\debug\tif_tile.obj
f:\work\git\rxskin\lib3rd\cximage\src\obj\tiff\debug\tif_version.obj
f:\work\git\rxskin\lib3rd\cximage\src\obj\tiff\debug\tif_warning.obj
f:\work\git\rxskin\lib3rd\cximage\src\obj\tiff\debug\tif_write.obj
f:\work\git\rxskin\lib3rd\cximage\src\obj\tiff\debug\tif_zip.obj
f:\work\git\rxskin\lib3rd\cximage\src\obj\tiff\debug\tif_aux.obj
f:\work\git\rxskin\lib3rd\cximage\src\obj\tiff\debug\tif_close.obj
f:\work\git\rxskin\lib3rd\cximage\src\obj\tiff\debug\tif_codec.obj
f:\work\git\rxskin\lib3rd\cximage\src\obj\tiff\debug\tif_color.obj
f:\work\git\rxskin\lib3rd\cximage\src\obj\tiff\debug\tif_compress.obj
f:\work\git\rxskin\lib3rd\cximage\src\obj\tiff\debug\tif_dir.obj
f:\work\git\rxskin\lib3rd\cximage\src\obj\tiff\debug\tif_dirinfo.obj
f:\work\git\rxskin\lib3rd\cximage\src\obj\tiff\debug\tif_dirread.obj
f:\work\git\rxskin\lib3rd\cximage\src\obj\tiff\debug\tif_dirwrite.obj
f:\work\git\rxskin\lib3rd\cximage\src\obj\tiff\debug\tif_dumpmode.obj
f:\work\git\rxskin\lib3rd\cximage\src\obj\tiff\debug\tif_error.obj
f:\work\git\rxskin\lib3rd\cximage\src\obj\tiff\debug\tif_fax3.obj
f:\work\git\rxskin\lib3rd\cximage\src\obj\tiff\debug\tif_fax3sm.obj
f:\work\git\rxskin\lib3rd\cximage\src\obj\tiff\debug\tif_flush.obj
f:\work\git\rxskin\lib3rd\cximage\lib\win32\debug\tiff.lib
f:\work\git\rxskin\lib3rd\cximage\src\obj\tiff\debug\tiff.tlog\cl.command.1.tlog
f:\work\git\rxskin\lib3rd\cximage\src\obj\tiff\debug\tiff.tlog\cl.read.1.tlog
f:\work\git\rxskin\lib3rd\cximage\src\obj\tiff\debug\tiff.tlog\cl.write.1.tlog
f:\work\git\rxskin\lib3rd\cximage\src\obj\tiff\debug\tiff.tlog\lib-link.read.1.tlog
f:\work\git\rxskin\lib3rd\cximage\src\obj\tiff\debug\tiff.tlog\lib-link.write.1.tlog
f:\work\git\rxskin\lib3rd\cximage\src\obj\tiff\debug\tiff.tlog\lib.command.1.tlog
